2022-11-16T13:41:52.0657743+07:00	DBUG	[HerMajesty.Strategy.OptimalStrategy]	[0]	1 cont. visited. Current is Harry the Army Ruler: (42)
2022-11-16T13:41:52.0679258+07:00	DBUG	[HerMajesty.Strategy.OptimalStrategy]	[0]	2 cont. visited. Current is Max the Greatest: (66)
2022-11-16T13:41:52.0679377+07:00	DBUG	[HerMajesty.Strategy.OptimalStrategy]	[0]	3 cont. visited. Current is Cersei the King of the Seven Kingdoms: (19)
2022-11-16T13:41:52.0679474+07:00	DBUG	[HerMajesty.Strategy.OptimalStrategy]	[0]	4 cont. visited. Current is Phoenix the Red Blood: (73)
2022-11-16T13:41:52.0679494+07:00	DBUG	[HerMajesty.Strategy.OptimalStrategy]	[0]	5 cont. visited. Current is Mason the Stone Worker: (64)
2022-11-16T13:41:52.0679505+07:00	DBUG	[HerMajesty.Strategy.OptimalStrategy]	[0]	6 cont. visited. Current is Michael the Famous: (67)
2022-11-16T13:41:52.0679514+07:00	DBUG	[HerMajesty.Strategy.OptimalStrategy]	[0]	7 cont. visited. Current is Noah the Peace: (69)
2022-11-16T13:41:52.0679524+07:00	DBUG	[HerMajesty.Strategy.OptimalStrategy]	[0]	8 cont. visited. Current is George the Farmer: (38)
2022-11-16T13:41:52.0679564+07:00	DBUG	[HerMajesty.Strategy.OptimalStrategy]	[0]	9 cont. visited. Current is Zachary the Bliss: (100)
2022-11-16T13:41:52.0679578+07:00	DBUG	[HerMajesty.Strategy.OptimalStrategy]	[0]	10 cont. visited. Current is Christopher the Christ-bearer: (22)
2022-11-16T13:41:52.0679587+07:00	DBUG	[HerMajesty.Strategy.OptimalStrategy]	[0]	11 cont. visited. Current is Riley the Descendant of Callaghan: (78)
2022-11-16T13:41:52.0679596+07:00	DBUG	[HerMajesty.Strategy.OptimalStrategy]	[0]	12 cont. visited. Current is Oscar the Deer Lover: (72)
2022-11-16T13:41:52.0679606+07:00	DBUG	[HerMajesty.Strategy.OptimalStrategy]	[0]	13 cont. visited. Current is Sawyer the Protector: (83)
2022-11-16T13:41:52.0679616+07:00	DBUG	[HerMajesty.Strategy.OptimalStrategy]	[0]	14 cont. visited. Current is Benjamin the Son of the Crownlands: (13)
2022-11-16T13:41:52.0679658+07:00	DBUG	[HerMajesty.Strategy.OptimalStrategy]	[0]	15 cont. visited. Current is Sebastian the Venerable: (84)
2022-11-16T13:41:52.0679668+07:00	DBUG	[HerMajesty.Strategy.OptimalStrategy]	[0]	16 cont. visited. Current is Madison the Bloody Hand: (63)
2022-11-16T13:41:52.0679679+07:00	DBUG	[HerMajesty.Strategy.OptimalStrategy]	[0]	17 cont. visited. Current is Bernardo the King of Luna: (14)
2022-11-16T13:41:52.0679690+07:00	DBUG	[HerMajesty.Strategy.OptimalStrategy]	[0]	18 cont. visited. Current is Jason the Shield of Lannisport: (49)
2022-11-16T13:41:52.0679699+07:00	DBUG	[HerMajesty.Strategy.OptimalStrategy]	[0]	19 cont. visited. Current is Hayden the One from the Hay Downs: (43)
2022-11-16T13:41:52.0679757+07:00	DBUG	[HerMajesty.Strategy.OptimalStrategy]	[0]	20 cont. visited. Current is Aemond th Iron Throne: (3)
2022-11-16T13:41:52.0679768+07:00	DBUG	[HerMajesty.Strategy.OptimalStrategy]	[0]	21 cont. visited. Current is Leonardo the Lion Son: (56)
2022-11-16T13:41:52.0679777+07:00	DBUG	[HerMajesty.Strategy.OptimalStrategy]	[0]	22 cont. visited. Current is Lincoln the Luxurious: (59)
2022-11-16T13:41:52.0679785+07:00	DBUG	[HerMajesty.Strategy.OptimalStrategy]	[0]	23 cont. visited. Current is Cole the Victory of the People: (24)
2022-11-16T13:41:52.0679794+07:00	DBUG	[HerMajesty.Strategy.OptimalStrategy]	[0]	24 cont. visited. Current is Ethan the Strength: (34)
2022-11-16T13:41:52.0679803+07:00	DBUG	[HerMajesty.Strategy.OptimalStrategy]	[0]	25 cont. visited. Current is Robert the King of Salt and Rock: (80)
2022-11-16T13:41:52.0679845+07:00	DBUG	[HerMajesty.Strategy.OptimalStrategy]	[0]	26 cont. visited. Current is David the Beloved: (29)
2022-11-16T13:41:52.0679855+07:00	DBUG	[HerMajesty.Strategy.OptimalStrategy]	[0]	27 cont. visited. Current is Alexander the Defender of the People: (5)
2022-11-16T13:41:52.0679863+07:00	DBUG	[HerMajesty.Strategy.OptimalStrategy]	[0]	28 cont. visited. Current is Ramsy the Drowned God: (75)
2022-11-16T13:41:52.0679871+07:00	DBUG	[HerMajesty.Strategy.OptimalStrategy]	[0]	29 cont. visited. Current is Christian the Follower of Christ: (21)
2022-11-16T13:41:52.0679881+07:00	DBUG	[HerMajesty.Strategy.OptimalStrategy]	[0]	30 cont. visited. Current is Tywin the Lord of Casterly Rock: (96)
2022-11-16T13:41:52.0679921+07:00	DBUG	[HerMajesty.Strategy.OptimalStrategy]	[0]	31 cont. visited. Current is Angus the One Strength: (7)
2022-11-16T13:41:52.0679931+07:00	DBUG	[HerMajesty.Strategy.OptimalStrategy]	[0]	32 cont. visited. Current is William the God Will: (98)
2022-11-16T13:41:52.0679941+07:00	DBUG	[HerMajesty.Strategy.OptimalStrategy]	[0]	33 cont. visited. Current is Avery the Fool: (11)
2022-11-16T13:41:52.0679950+07:00	DBUG	[HerMajesty.Strategy.OptimalStrategy]	[0]	34 cont. visited. Current is Isaac the Bright in Spirit: (47)
2022-11-16T13:41:52.0680003+07:00	DBUG	[HerMajesty.Strategy.OptimalStrategy]	[0]	35 cont. visited. Current is Quinn the Descendent of Conn: (74)
2022-11-16T13:41:52.0680049+07:00	DBUG	[HerMajesty.Strategy.OptimalStrategy]	[0]	36 cont. visited. Current is Daniel the Judge: (28)
2022-11-16T13:41:52.0680058+07:00	DBUG	[HerMajesty.Strategy.OptimalStrategy]	[0]	37 cont. visited. Current is Cody the Descendant of Oda: (23)
2022-11-16T13:41:52.0684736+07:00	DBUG	[HerMajesty.Strategy.OptimalStrategy]	[0]	38 cont. visited. Current is Carter the Driver of a Cart: (18)
2022-11-16T13:41:52.0684830+07:00	DBUG	[HerMajesty.Strategy.OptimalStrategy]	[0]	39 cont. visited. Current is Charles the Free Man: (20)
2022-11-16T13:41:52.0684849+07:00	DBUG	[HerMajesty.Strategy.OptimalStrategy]	[0]	40 cont. visited. Current is John the Gracious: (52)
2022-11-16T13:41:52.0684863+07:00	DBUG	[HerMajesty.Strategy.OptimalStrategy]	[0]	41 cont. visited. Current is Richard the Lion Heart : (77)
2022-11-16T13:41:52.0684962+07:00	DBUG	[HerMajesty.Strategy.OptimalStrategy]	[0]	42 cont. visited. Current is Connor the Wolf Lover: (25)
2022-11-16T13:41:52.0684977+07:00	DBUG	[HerMajesty.Strategy.OptimalStrategy]	[0]	43 cont. visited. Current is Matthew the Gift of God: (65)
2022-11-16T13:41:52.0684989+07:00	DBUG	[HerMajesty.Strategy.OptimalStrategy]	[0]	44 cont. visited. Current is Flynn the Son of Crimson: (37)
2022-11-16T13:41:52.0685002+07:00	DBUG	[HerMajesty.Strategy.OptimalStrategy]	[0]	45 cont. visited. Current is Cooper the Barrel Maker: (26)
2022-11-16T13:41:52.0685016+07:00	DBUG	[HerMajesty.Strategy.OptimalStrategy]	[0]	46 cont. visited. Current is Austin the Great: (10)
2022-11-16T13:41:52.0685144+07:00	DBUG	[HerMajesty.Strategy.OptimalStrategy]	[0]	47 cont. visited. Current is Hamish the Supplanter: (39)
2022-11-16T13:41:52.0685161+07:00	DBUG	[HerMajesty.Strategy.OptimalStrategy]	[0]	48 cont. visited. Current is Robb the King in the North: (79)
2022-11-16T13:41:52.0685175+07:00	DBUG	[HerMajesty.Strategy.OptimalStrategy]	[0]	49 cont. visited. Current is Callum the Dove: (16)
2022-11-16T13:41:52.0685189+07:00	DBUG	[HerMajesty.Strategy.OptimalStrategy]	[0]	50 cont. visited. Current is Aaron the Mountain of Strength: (1)
2022-11-16T13:41:52.0685204+07:00	DBUG	[HerMajesty.Strategy.OptimalStrategy]	[0]	51 cont. visited. Current is Andrew the White Fang: (8)
2022-11-16T13:41:52.0685251+07:00	DBUG	[HerMajesty.Strategy.OptimalStrategy]	[0]	52 cont. visited. Current is Joshua the Salvation: (54)
2022-11-16T13:41:52.0685267+07:00	DBUG	[HerMajesty.Strategy.OptimalStrategy]	[0]	53 cont. visited. Current is Cameron the Bent Nose: (17)
2022-11-16T13:41:52.0685283+07:00	DBUG	[HerMajesty.Strategy.OptimalStrategy]	[0]	54 cont. visited. Current is Seth the Appointed: (85)
2022-11-16T13:41:52.0685298+07:00	DBUG	[HerMajesty.Strategy.OptimalStrategy]	[0]	55 cont. visited. Current is Tommen the Lord of Storm's End: (89)
2022-11-16T13:41:52.0685312+07:00	DBUG	[HerMajesty.Strategy.OptimalStrategy]	[0]	56 cont. visited. Current is Viserys the Dragon's Death: (97)
2022-11-16T13:41:52.0685327+07:00	DBUG	[HerMajesty.Strategy.OptimalStrategy]	[0]	57 cont. visited. Current is Joel the Will of the God: (51)
2022-11-16T13:41:52.0685679+07:00	DBUG	[HerMajesty.Strategy.OptimalStrategy]	[0]	58 cont. visited. Current is Julian the Emperor: (55)
2022-11-16T13:41:52.0685697+07:00	DBUG	[HerMajesty.Strategy.OptimalStrategy]	[0]	59 cont. visited. Current is Nicholas the Victory of the Mankind: (68)
2022-11-16T13:41:52.0685711+07:00	DBUG	[HerMajesty.Strategy.OptimalStrategy]	[0]	60 cont. visited. Current is Tyson the Firebrand: (95)
2022-11-16T13:41:52.0685727+07:00	DBUG	[HerMajesty.Strategy.OptimalStrategy]	[0]	61 cont. visited. Current is Felix the Prosperous: (35)
2022-11-16T13:41:52.0685743+07:00	DBUG	[HerMajesty.Strategy.OptimalStrategy]	[0]	62 cont. visited. Current is Ashton the One from the Ash Town: (9)
2022-11-16T13:41:52.0685796+07:00	DBUG	[HerMajesty.Strategy.OptimalStrategy]	[0]	63 cont. visited. Current is Caleb the Rage Dog: (15)
2022-11-16T13:41:52.0685812+07:00	DBUG	[HerMajesty.Strategy.OptimalStrategy]	[0]	64 cont. visited. Current is Joseph the Cruel: (53)
2022-11-16T13:41:52.0685832+07:00	DBUG	[HerMajesty.Strategy.OptimalStrategy]	[0]	65 cont. visited. Current is Tyrion the Little Lion: (94)
2022-11-16T13:41:52.0685847+07:00	DBUG	[HerMajesty.Strategy.OptimalStrategy]	[0]	66 cont. visited. Current is Jesse the Gift: (50)
2022-11-16T13:41:52.0685862+07:00	DBUG	[HerMajesty.Strategy.OptimalStrategy]	[0]	67 cont. visited. Current is Levi the Warrior: (57)
2022-11-16T13:41:52.0685914+07:00	DBUG	[HerMajesty.Strategy.OptimalStrategy]	[0]	68 cont. visited. Current is Troy the Soldier: (92)
2022-11-16T13:41:52.0685929+07:00	DBUG	[HerMajesty.Strategy.OptimalStrategy]	[0]	69 cont. visited. Current is Angel the Halfman: (6)
2022-11-16T13:41:52.0685943+07:00	DBUG	[HerMajesty.Strategy.OptimalStrategy]	[0]	70 cont. visited. Current is Harlen the High Steward of Highgarden: (40)
2022-11-16T13:41:52.0685958+07:00	DBUG	[HerMajesty.Strategy.OptimalStrategy]	[0]	71 cont. visited. Current is Tobias the Arsonist: (88)
2022-11-16T13:41:52.0685974+07:00	DBUG	[HerMajesty.Strategy.OptimalStrategy]	[0]	72 cont. visited. Current is Henry the Ruler of the Home: (44)
2022-11-16T13:41:52.0685989+07:00	DBUG	[HerMajesty.Strategy.OptimalStrategy]	[0]	73 cont. visited. Current is Tony the Hawk: (90)
2022-11-16T13:41:52.0686043+07:00	DBUG	[HerMajesty.Strategy.OptimalStrategy]	[0]	74 cont. visited. Current is Ryder the Sky Warrior: (81)
2022-11-16T13:41:52.0686058+07:00	DBUG	[HerMajesty.Strategy.OptimalStrategy]	[0]	75 cont. visited. Current is Elijah the Miracle: (32)
2022-11-16T13:41:52.0686075+07:00	DBUG	[HerMajesty.Strategy.OptimalStrategy]	[0]	76 cont. visited. Current is Theodore the Ancient Hero: (86)
2022-11-16T13:41:52.0686090+07:00	DBUG	[HerMajesty.Strategy.OptimalStrategy]	[0]	77 cont. visited. Current is Hunter the Hunter: (46)
2022-11-16T13:41:52.0686106+07:00	DBUG	[HerMajesty.Strategy.OptimalStrategy]	[0]	78 cont. visited. Current is Tristan the Tumult: (91)
2022-11-16T13:41:52.0686173+07:00	DBUG	[HerMajesty.Strategy.OptimalStrategy]	[0]	79 cont. visited. Current is Liam the State Harmony: (58)
2022-11-16T13:41:52.0686191+07:00	DBUG	[HerMajesty.Strategy.OptimalStrategy]	[0]	80 cont. visited. Current is Daenerys the Storm Born: (27)
2022-11-16T13:41:52.0686208+07:00	DBUG	[HerMajesty.Strategy.OptimalStrategy]	[0]	81 cont. visited. Current is Thomas the Twin: (87)
2022-11-16T13:41:52.0686226+07:00	DBUG	[HerMajesty.Strategy.OptimalStrategy]	[0]	82 cont. visited. Current is Finn the Fair: (36)
2022-11-16T13:41:52.0686244+07:00	DBUG	[HerMajesty.Strategy.OptimalStrategy]	[0]	83 cont. visited. Current is Louis the Famed: (62)
2022-11-16T13:41:52.0686261+07:00	DBUG	[HerMajesty.Strategy.OptimalStrategy]	[0]	84 cont. visited. Current is Harrison the Son of Harry: (41)
2022-11-16T13:41:52.0686315+07:00	DBUG	[HerMajesty.Strategy.OptimalStrategy]	[0]	85 cont. visited. Current is Tyler the Tile Maker: (93)
2022-11-16T13:41:52.0686344+07:00	DBUG	[HerMajesty.Strategy.OptimalStrategy]	[0]	86 cont. visited. Current is Nolan the Champion: (70)
2022-11-16T13:41:52.0686384+07:00	DBUG	[HerMajesty.Strategy.OptimalStrategy]	[0]	87 cont. visited. Current is Oliver the Elf: (71)
2022-11-16T13:41:52.0686407+07:00	DBUG	[HerMajesty.Strategy.OptimalStrategy]	[0]	88 cont. visited. Current is Xavier the Invader: (99)
2022-11-16T13:41:52.0686429+07:00	DBUG	[HerMajesty.Strategy.OptimalStrategy]	[0]	89 cont. visited. Current is Edward the Guardian: (31)
2022-11-16T13:41:52.0686453+07:00	DBUG	[HerMajesty.Strategy.OptimalStrategy]	[0]	90 cont. visited. Current is Balon the Lord of the Iron Islands: (12)
2022-11-16T13:41:52.0686526+07:00	DBUG	[HerMajesty.Strategy.OptimalStrategy]	[0]	91 cont. visited. Current is Adam the Son of the Earth: (2)
2022-11-16T13:41:52.0686555+07:00	DBUG	[HerMajesty.Strategy.OptimalStrategy]	[0]	92 cont. visited. Current is Hugo the Bright in Mind : (45)
2022-11-16T13:41:52.0686581+07:00	DBUG	[HerMajesty.Strategy.OptimalStrategy]	[0]	93 cont. visited. Current is Jaime the King Slayer: (48)
2022-11-16T13:41:52.0686599+07:00	DBUG	[HerMajesty.Strategy.OptimalStrategy]	[0]	94 cont. visited. Current is Logan the One from Hollow: (60)
2022-11-16T13:41:52.0686617+07:00	DBUG	[HerMajesty.Strategy.OptimalStrategy]	[0]	95 cont. visited. Current is Loras the Knight of the Flowers: (61)
2022-11-16T13:41:52.0686672+07:00	DBUG	[HerMajesty.Strategy.OptimalStrategy]	[0]	96 cont. visited. Current is Erwin the Commander: (33)
2022-11-16T13:41:52.0686689+07:00	DBUG	[HerMajesty.Strategy.OptimalStrategy]	[0]	97 cont. visited. Current is Aidan the Little Fire: (4)
2022-11-16T13:41:52.0686705+07:00	DBUG	[HerMajesty.Strategy.OptimalStrategy]	[0]	98 cont. visited. Current is Dylan the Son of the Sea: (30)
2022-11-16T13:41:52.0686722+07:00	DBUG	[HerMajesty.Strategy.OptimalStrategy]	[0]	99 cont. visited. Current is Samuel the Named by the God: (82)
2022-11-16T13:41:52.0686743+07:00	DBUG	[HerMajesty.Strategy.OptimalStrategy]	[0]	100 cont. visited. Current is Reuben the Beholder: (76)
